2020-05-06 15:54:07.009  INFO 16828 --- [main] com.example.demo.DemoApplication         : Starting DemoApplication on DESKTOP-8GTK8UH with PID 16828 (C:\Users\falko\Downloads\springboot-jwt-sample-master\springboot-jwt-sample-master\target\classes started by falko in C:\Users\falko\Downloads\springboot-jwt-sample-master\springboot-jwt-sample-master)
2020-05-06 15:54:07.021 DEBUG 16828 --- [main] com.example.demo.DemoApplication         : Running with Spring Boot v2.1.6.RELEASE, Spring v5.1.8.RELEASE
2020-05-06 15:54:07.021  INFO 16828 --- [main] com.example.demo.DemoApplication         : No active profile set, falling back to default profiles: default
2020-05-06 15:54:08.527  INFO 16828 --- [main] .s.d.r.c.RepositoryConfigurationDelegate : Bootstrapping Spring Data repositories in DEFAULT mode.
2020-05-06 15:54:08.632  INFO 16828 --- [main] .s.d.r.c.RepositoryConfigurationDelegate : Finished Spring Data repository scanning in 94ms. Found 2 repository interfaces.
2020-05-06 15:54:09.093  INFO 16828 --- [main] trationDelegate$BeanPostProcessorChecker : Bean 'org.springframework.transaction.annotation.ProxyTransactionManagementConfiguration' of type [org.springframework.transaction.annotation.ProxyTransactionManagementConfiguration$$EnhancerBySpringCGLIB$$c93d7770] is not eligible for getting processed by all BeanPostProcessors (for example: not eligible for auto-proxying)
2020-05-06 15:54:09.115  INFO 16828 --- [main] trationDelegate$BeanPostProcessorChecker : Bean 'org.springframework.hateoas.config.HateoasConfiguration' of type [org.springframework.hateoas.config.HateoasConfiguration$$EnhancerBySpringCGLIB$$48bdc4a2] is not eligible for getting processed by all BeanPostProcessors (for example: not eligible for auto-proxying)
2020-05-06 15:54:09.482  INFO 16828 --- [main] o.s.b.w.embedded.tomcat.TomcatWebServer  : Tomcat initialized with port(s): 8443 (http)
2020-05-06 15:54:09.506  INFO 16828 --- [main] o.apache.catalina.core.StandardService   : Starting service [Tomcat]
2020-05-06 15:54:09.507  INFO 16828 --- [main] org.apache.catalina.core.StandardEngine  : Starting Servlet engine: [Apache Tomcat/9.0.21]
2020-05-06 15:54:09.641  INFO 16828 --- [main] o.a.c.c.C.[Tomcat].[localhost].[/]       : Initializing Spring embedded WebApplicationContext
2020-05-06 15:54:09.646  INFO 16828 --- [main] o.s.web.context.ContextLoader            : Root WebApplicationContext: initialization completed in 2524 ms
2020-05-06 15:54:09.942  INFO 16828 --- [main] com.zaxxer.hikari.HikariDataSource       : HikariPool-1 - Starting...
2020-05-06 15:54:10.076  INFO 16828 --- [main] com.zaxxer.hikari.HikariDataSource       : HikariPool-1 - Start completed.
2020-05-06 15:54:10.308  INFO 16828 --- [main] o.hibernate.jpa.internal.util.LogHelper  : HHH000204: Processing PersistenceUnitInfo [
	name: default
	...]
2020-05-06 15:54:10.445  INFO 16828 --- [main] org.hibernate.Version                    : HHH000412: Hibernate Core {5.3.10.Final}
2020-05-06 15:54:10.447  INFO 16828 --- [main] org.hibernate.cfg.Environment            : HHH000206: hibernate.properties not found
2020-05-06 15:54:10.700  INFO 16828 --- [main] o.hibernate.annotations.common.Version   : HCANN000001: Hibernate Commons Annotations {5.0.4.Final}
2020-05-06 15:54:10.895  INFO 16828 --- [main] org.hibernate.dialect.Dialect            : HHH000400: Using dialect: org.hibernate.dialect.PostgreSQL95Dialect
2020-05-06 15:54:11.101  INFO 16828 --- [main] o.h.e.j.e.i.LobCreatorBuilderImpl        : HHH000421: Disabling contextual LOB creation as hibernate.jdbc.lob.non_contextual_creation is true
2020-05-06 15:54:11.108  INFO 16828 --- [main] org.hibernate.type.BasicTypeRegistry     : HHH000270: Type registration [java.util.UUID] overrides previous : org.hibernate.type.UUIDBinaryType@1b482cbf
2020-05-06 15:54:12.133  WARN 16828 --- [main] o.h.engine.jdbc.spi.SqlExceptionHelper   : SQL Warning Code: 0, SQLState: 00000
2020-05-06 15:54:12.135  WARN 16828 --- [main] o.h.engine.jdbc.spi.SqlExceptionHelper   : Relation »user_roles« existiert nicht, wird übersprungen
2020-05-06 15:54:12.137  WARN 16828 --- [main] o.h.engine.jdbc.spi.SqlExceptionHelper   : SQL Warning Code: 0, SQLState: 00000
2020-05-06 15:54:12.138  WARN 16828 --- [main] o.h.engine.jdbc.spi.SqlExceptionHelper   : Constraint »fk8a1avoy5xlk9b47k6s1kp48rd« von Relation »vehicles« existiert nicht, wird übersprungen
2020-05-06 15:54:12.139  WARN 16828 --- [main] o.h.engine.jdbc.spi.SqlExceptionHelper   : SQL Warning Code: 0, SQLState: 00000
2020-05-06 15:54:12.139  WARN 16828 --- [main] o.h.engine.jdbc.spi.SqlExceptionHelper   : Constraint »fk9ildt60m3tpp0o5g3kmfb8f3k« von Relation »vehicles« existiert nicht, wird übersprungen
2020-05-06 15:54:12.142  WARN 16828 --- [main] o.h.engine.jdbc.spi.SqlExceptionHelper   : SQL Warning Code: 0, SQLState: 00000
2020-05-06 15:54:12.142  WARN 16828 --- [main] o.h.engine.jdbc.spi.SqlExceptionHelper   : Tabelle »user_roles« existiert nicht, wird übersprungen
2020-05-06 15:54:12.143  WARN 16828 --- [main] o.h.engine.jdbc.spi.SqlExceptionHelper   : SQL Warning Code: 0, SQLState: 00000
2020-05-06 15:54:12.143  WARN 16828 --- [main] o.h.engine.jdbc.spi.SqlExceptionHelper   : Tabelle »users« existiert nicht, wird übersprungen
2020-05-06 15:54:12.159  WARN 16828 --- [main] o.h.engine.jdbc.spi.SqlExceptionHelper   : SQL Warning Code: 0, SQLState: 00000
2020-05-06 15:54:12.160  WARN 16828 --- [main] o.h.engine.jdbc.spi.SqlExceptionHelper   : Sequenz »hibernate_sequence« existiert nicht, wird übersprungen
2020-05-06 15:54:12.193  INFO 16828 --- [main] o.h.t.schema.internal.SchemaCreatorImpl  : HHH000476: Executing import script 'org.hibernate.tool.schema.internal.exec.ScriptSourceInputNonExistentImpl@4628a02b'
2020-05-06 15:54:12.198  INFO 16828 --- [main] j.LocalContainerEntityManagerFactoryBean : Initialized JPA EntityManagerFactory for persistence unit 'default'
2020-05-06 15:54:13.474  INFO 16828 --- [main] o.s.s.concurrent.ThreadPoolTaskExecutor  : Initializing ExecutorService 'applicationTaskExecutor'
2020-05-06 15:54:13.925 DEBUG 16828 --- [main] eGlobalAuthenticationAutowiredConfigurer : Eagerly initializing {org.springframework.boot.autoconfigure.security.servlet.WebSecurityEnablerConfiguration=org.springframework.boot.autoconfigure.security.servlet.WebSecurityEnablerConfiguration$$EnhancerBySpringCGLIB$$e6cca1a5@9880a15}
2020-05-06 15:54:14.045 DEBUG 16828 --- [main] edFilterInvocationSecurityMetadataSource : Adding web access control expression 'permitAll', for Ant [pattern='/auth/signin']
2020-05-06 15:54:14.056 DEBUG 16828 --- [main] edFilterInvocationSecurityMetadataSource : Adding web access control expression 'permitAll', for Ant [pattern='/vehicles/**', GET]
2020-05-06 15:54:14.056 DEBUG 16828 --- [main] edFilterInvocationSecurityMetadataSource : Adding web access control expression 'hasRole('ROLE_ADMIN')', for Ant [pattern='/vehicles/**', DELETE]
2020-05-06 15:54:14.057 DEBUG 16828 --- [main] edFilterInvocationSecurityMetadataSource : Adding web access control expression 'permitAll', for Ant [pattern='/v1/vehicles/**', GET]
2020-05-06 15:54:14.058 DEBUG 16828 --- [main] edFilterInvocationSecurityMetadataSource : Adding web access control expression 'authenticated', for any request
2020-05-06 15:54:14.062 DEBUG 16828 --- [main] o.s.s.w.a.i.FilterSecurityInterceptor    : Validated configuration attributes
2020-05-06 15:54:14.065 DEBUG 16828 --- [main] o.s.s.w.a.i.FilterSecurityInterceptor    : Validated configuration attributes
2020-05-06 15:54:14.071  INFO 16828 --- [main] o.s.s.web.DefaultSecurityFilterChain     : Creating filter chain: any request, [org.springframework.security.web.context.request.async.WebAsyncManagerIntegrationFilter@5e6522a6, org.springframework.security.web.context.SecurityContextPersistenceFilter@5df7a065, org.springframework.security.web.header.HeaderWriterFilter@31f5b923, org.springframework.security.web.authentication.logout.LogoutFilter@eb91027, com.example.demo.security.jwt.JwtTokenAuthenticationFilter@7d1cdeb1, org.springframework.security.web.savedrequest.RequestCacheAwareFilter@7c69e1e1, org.springframework.security.web.servletapi.SecurityContextHolderAwareRequestFilter@71468613, org.springframework.security.web.authentication.AnonymousAuthenticationFilter@c4551c6, org.springframework.security.web.session.SessionManagementFilter@47b4ac83, org.springframework.security.web.access.ExceptionTranslationFilter@380fdcf2, org.springframework.security.web.access.intercept.FilterSecurityInterceptor@73a49597]
2020-05-06 15:54:14.213  INFO 16828 --- [main] o.s.b.w.embedded.tomcat.TomcatWebServer  : Tomcat started on port(s): 8443 (http) with context path ''
2020-05-06 15:54:14.222  INFO 16828 --- [main] com.example.demo.DemoApplication         : Started DemoApplication in 8.073 seconds (JVM running for 9.961)
2020-05-06 15:54:14.224 DEBUG 16828 --- [main] com.example.demo.DataInitializer         : initializing vehicles data...
2020-05-06 15:54:14.382 DEBUG 16828 --- [main] com.example.demo.DataInitializer         : printing all vehicles...
2020-05-06 15:54:14.411  INFO 16828 --- [main] o.h.h.i.QueryTranslatorFactoryInitiator  : HHH000397: Using ASTQueryTranslatorFactory
2020-05-06 15:54:14.916 DEBUG 16828 --- [main] com.example.demo.DataInitializer         :  Vehicle :Vehicle(name=moto, brand=FORD)
2020-05-06 15:54:14.916 DEBUG 16828 --- [main] com.example.demo.DataInitializer         :  Vehicle :Vehicle(name=car, brand=FORD)
2020-05-06 15:54:15.389 DEBUG 16828 --- [main] com.example.demo.DataInitializer         : printing all users...
2020-05-06 15:54:15.410 DEBUG 16828 --- [main] com.example.demo.DataInitializer         :  User :User(id=3, username=user, password={bcrypt}$2a$10$/tUMFkYFx2npJrkdL0flIugPEdIrAgL/.MOGR3CFm4oVEIKqwnh6q, roles=[ROLE_USER])
2020-05-06 15:54:15.410 DEBUG 16828 --- [main] com.example.demo.DataInitializer         :  User :User(id=4, username=Falko, password={bcrypt}$2a$10$mL4NPjoO2km69znmNt21G.MGQFhgzWOFYEfF0ZdG39gdJKjlSkVfi, roles=[ROLE_USER, ROLE_ADMIN])
2020-05-06 15:55:46.055  INFO 16828 --- [http-nio-8443-exec-1] o.a.c.c.C.[Tomcat].[localhost].[/]       : Initializing Spring DispatcherServlet 'dispatcherServlet'
2020-05-06 15:55:46.055  INFO 16828 --- [http-nio-8443-exec-1] o.s.web.servlet.DispatcherServlet        : Initializing Servlet 'dispatcherServlet'
2020-05-06 15:55:46.093  INFO 16828 --- [http-nio-8443-exec-1] o.s.web.servlet.DispatcherServlet        : Completed initialization in 34 ms
2020-05-06 15:55:46.118 DEBUG 16828 --- [http-nio-8443-exec-1] o.s.security.web.FilterChainProxy        : /auth/signin at position 1 of 11 in additional filter chain; firing Filter: 'WebAsyncManagerIntegrationFilter'
2020-05-06 15:55:46.122 DEBUG 16828 --- [http-nio-8443-exec-1] o.s.security.web.FilterChainProxy        : /auth/signin at position 2 of 11 in additional filter chain; firing Filter: 'SecurityContextPersistenceFilter'
2020-05-06 15:55:46.122 DEBUG 16828 --- [http-nio-8443-exec-1] o.s.security.web.FilterChainProxy        : /auth/signin at position 3 of 11 in additional filter chain; firing Filter: 'HeaderWriterFilter'
2020-05-06 15:55:46.126 DEBUG 16828 --- [http-nio-8443-exec-1] o.s.security.web.FilterChainProxy        : /auth/signin at position 4 of 11 in additional filter chain; firing Filter: 'LogoutFilter'
2020-05-06 15:55:46.126 DEBUG 16828 --- [http-nio-8443-exec-1] o.s.s.web.util.matcher.OrRequestMatcher  : Trying to match using Ant [pattern='/logout', GET]
2020-05-06 15:55:46.126 DEBUG 16828 --- [http-nio-8443-exec-1] o.s.s.w.u.matcher.AntPathRequestMatcher  : Request 'OPTIONS /auth/signin' doesn't match 'GET /logout'
2020-05-06 15:55:46.128 DEBUG 16828 --- [http-nio-8443-exec-1] o.s.s.web.util.matcher.OrRequestMatcher  : Trying to match using Ant [pattern='/logout', POST]
2020-05-06 15:55:46.128 DEBUG 16828 --- [http-nio-8443-exec-1] o.s.s.w.u.matcher.AntPathRequestMatcher  : Request 'OPTIONS /auth/signin' doesn't match 'POST /logout'
2020-05-06 15:55:46.128 DEBUG 16828 --- [http-nio-8443-exec-1] o.s.s.web.util.matcher.OrRequestMatcher  : Trying to match using Ant [pattern='/logout', PUT]
2020-05-06 15:55:46.129 DEBUG 16828 --- [http-nio-8443-exec-1] o.s.s.w.u.matcher.AntPathRequestMatcher  : Request 'OPTIONS /auth/signin' doesn't match 'PUT /logout'
2020-05-06 15:55:46.129 DEBUG 16828 --- [http-nio-8443-exec-1] o.s.s.web.util.matcher.OrRequestMatcher  : Trying to match using Ant [pattern='/logout', DELETE]
2020-05-06 15:55:46.129 DEBUG 16828 --- [http-nio-8443-exec-1] o.s.s.w.u.matcher.AntPathRequestMatcher  : Request 'OPTIONS /auth/signin' doesn't match 'DELETE /logout'
2020-05-06 15:55:46.129 DEBUG 16828 --- [http-nio-8443-exec-1] o.s.s.web.util.matcher.OrRequestMatcher  : No matches found
2020-05-06 15:55:46.129 DEBUG 16828 --- [http-nio-8443-exec-1] o.s.security.web.FilterChainProxy        : /auth/signin at position 5 of 11 in additional filter chain; firing Filter: 'JwtTokenAuthenticationFilter'
2020-05-06 15:55:46.129 DEBUG 16828 --- [http-nio-8443-exec-1] o.s.security.web.FilterChainProxy        : /auth/signin at position 6 of 11 in additional filter chain; firing Filter: 'RequestCacheAwareFilter'
2020-05-06 15:55:46.129 DEBUG 16828 --- [http-nio-8443-exec-1] o.s.security.web.FilterChainProxy        : /auth/signin at position 7 of 11 in additional filter chain; firing Filter: 'SecurityContextHolderAwareRequestFilter'
2020-05-06 15:55:46.130 DEBUG 16828 --- [http-nio-8443-exec-1] o.s.security.web.FilterChainProxy        : /auth/signin at position 8 of 11 in additional filter chain; firing Filter: 'AnonymousAuthenticationFilter'
2020-05-06 15:55:46.130 DEBUG 16828 --- [http-nio-8443-exec-1] o.s.s.w.a.AnonymousAuthenticationFilter  : Populated SecurityContextHolder with anonymous token: 'org.springframework.security.authentication.AnonymousAuthenticationToken@288485c6: Principal: anonymousUser; Credentials: [PROTECTED]; Authenticated: true; Details: org.springframework.security.web.authentication.WebAuthenticationDetails@b364: RemoteIpAddress: 0:0:0:0:0:0:0:1; SessionId: null; Granted Authorities: ROLE_ANONYMOUS'
2020-05-06 15:55:46.130 DEBUG 16828 --- [http-nio-8443-exec-1] o.s.security.web.FilterChainProxy        : /auth/signin at position 9 of 11 in additional filter chain; firing Filter: 'SessionManagementFilter'
2020-05-06 15:55:46.134 DEBUG 16828 --- [http-nio-8443-exec-1] o.s.security.web.FilterChainProxy        : /auth/signin at position 10 of 11 in additional filter chain; firing Filter: 'ExceptionTranslationFilter'
2020-05-06 15:55:46.135 DEBUG 16828 --- [http-nio-8443-exec-1] o.s.security.web.FilterChainProxy        : /auth/signin at position 11 of 11 in additional filter chain; firing Filter: 'FilterSecurityInterceptor'
2020-05-06 15:55:46.136 DEBUG 16828 --- [http-nio-8443-exec-1] o.s.s.w.u.matcher.AntPathRequestMatcher  : Checking match of request : '/auth/signin'; against '/auth/signin'
2020-05-06 15:55:46.136 DEBUG 16828 --- [http-nio-8443-exec-1] o.s.s.w.a.i.FilterSecurityInterceptor    : Secure object: FilterInvocation: URL: /auth/signin; Attributes: [permitAll]
2020-05-06 15:55:46.137 DEBUG 16828 --- [http-nio-8443-exec-1] o.s.s.w.a.i.FilterSecurityInterceptor    : Previously Authenticated: org.springframework.security.authentication.AnonymousAuthenticationToken@288485c6: Principal: anonymousUser; Credentials: [PROTECTED]; Authenticated: true; Details: org.springframework.security.web.authentication.WebAuthenticationDetails@b364: RemoteIpAddress: 0:0:0:0:0:0:0:1; SessionId: null; Granted Authorities: ROLE_ANONYMOUS
2020-05-06 15:55:46.147 DEBUG 16828 --- [http-nio-8443-exec-1] o.s.s.access.vote.AffirmativeBased       : Voter: org.springframework.security.web.access.expression.WebExpressionVoter@15ab4a7b, returned: 1
2020-05-06 15:55:46.147 DEBUG 16828 --- [http-nio-8443-exec-1] o.s.s.w.a.i.FilterSecurityInterceptor    : Authorization successful
2020-05-06 15:55:46.147 DEBUG 16828 --- [http-nio-8443-exec-1] o.s.s.w.a.i.FilterSecurityInterceptor    : RunAsManager did not change Authentication object
2020-05-06 15:55:46.147 DEBUG 16828 --- [http-nio-8443-exec-1] o.s.security.web.FilterChainProxy        : /auth/signin reached end of additional filter chain; proceeding with original chain
2020-05-06 15:55:46.178 DEBUG 16828 --- [http-nio-8443-exec-1] o.s.s.w.a.ExceptionTranslationFilter     : Chain processed normally
2020-05-06 15:55:46.179 DEBUG 16828 --- [http-nio-8443-exec-1] o.s.s.w.header.writers.HstsHeaderWriter  : Not injecting HSTS header since it did not match the requestMatcher org.springframework.security.web.header.writers.HstsHeaderWriter$SecureRequestMatcher@36a9177d
2020-05-06 15:55:46.179 DEBUG 16828 --- [http-nio-8443-exec-1] s.s.w.c.SecurityContextPersistenceFilter : SecurityContextHolder now cleared, as request processing completed
2020-05-06 15:55:46.189 DEBUG 16828 --- [http-nio-8443-exec-2] o.s.security.web.FilterChainProxy        : /auth/signin at position 1 of 11 in additional filter chain; firing Filter: 'WebAsyncManagerIntegrationFilter'
2020-05-06 15:55:46.189 DEBUG 16828 --- [http-nio-8443-exec-2] o.s.security.web.FilterChainProxy        : /auth/signin at position 2 of 11 in additional filter chain; firing Filter: 'SecurityContextPersistenceFilter'
2020-05-06 15:55:46.189 DEBUG 16828 --- [http-nio-8443-exec-2] o.s.security.web.FilterChainProxy        : /auth/signin at position 3 of 11 in additional filter chain; firing Filter: 'HeaderWriterFilter'
2020-05-06 15:55:46.189 DEBUG 16828 --- [http-nio-8443-exec-2] o.s.security.web.FilterChainProxy        : /auth/signin at position 4 of 11 in additional filter chain; firing Filter: 'LogoutFilter'
2020-05-06 15:55:46.189 DEBUG 16828 --- [http-nio-8443-exec-2] o.s.s.web.util.matcher.OrRequestMatcher  : Trying to match using Ant [pattern='/logout', GET]
2020-05-06 15:55:46.189 DEBUG 16828 --- [http-nio-8443-exec-2] o.s.s.w.u.matcher.AntPathRequestMatcher  : Request 'POST /auth/signin' doesn't match 'GET /logout'
2020-05-06 15:55:46.189 DEBUG 16828 --- [http-nio-8443-exec-2] o.s.s.web.util.matcher.OrRequestMatcher  : Trying to match using Ant [pattern='/logout', POST]
2020-05-06 15:55:46.189 DEBUG 16828 --- [http-nio-8443-exec-2] o.s.s.w.u.matcher.AntPathRequestMatcher  : Checking match of request : '/auth/signin'; against '/logout'
2020-05-06 15:55:46.189 DEBUG 16828 --- [http-nio-8443-exec-2] o.s.s.web.util.matcher.OrRequestMatcher  : Trying to match using Ant [pattern='/logout', PUT]
2020-05-06 15:55:46.189 DEBUG 16828 --- [http-nio-8443-exec-2] o.s.s.w.u.matcher.AntPathRequestMatcher  : Request 'POST /auth/signin' doesn't match 'PUT /logout'
2020-05-06 15:55:46.189 DEBUG 16828 --- [http-nio-8443-exec-2] o.s.s.web.util.matcher.OrRequestMatcher  : Trying to match using Ant [pattern='/logout', DELETE]
2020-05-06 15:55:46.189 DEBUG 16828 --- [http-nio-8443-exec-2] o.s.s.w.u.matcher.AntPathRequestMatcher  : Request 'POST /auth/signin' doesn't match 'DELETE /logout'
2020-05-06 15:55:46.193 DEBUG 16828 --- [http-nio-8443-exec-2] o.s.s.web.util.matcher.OrRequestMatcher  : No matches found
2020-05-06 15:55:46.193 DEBUG 16828 --- [http-nio-8443-exec-2] o.s.security.web.FilterChainProxy        : /auth/signin at position 5 of 11 in additional filter chain; firing Filter: 'JwtTokenAuthenticationFilter'
2020-05-06 15:55:46.193 DEBUG 16828 --- [http-nio-8443-exec-2] o.s.security.web.FilterChainProxy        : /auth/signin at position 6 of 11 in additional filter chain; firing Filter: 'RequestCacheAwareFilter'
2020-05-06 15:55:46.193 DEBUG 16828 --- [http-nio-8443-exec-2] o.s.security.web.FilterChainProxy        : /auth/signin at position 7 of 11 in additional filter chain; firing Filter: 'SecurityContextHolderAwareRequestFilter'
2020-05-06 15:55:46.193 DEBUG 16828 --- [http-nio-8443-exec-2] o.s.security.web.FilterChainProxy        : /auth/signin at position 8 of 11 in additional filter chain; firing Filter: 'AnonymousAuthenticationFilter'
2020-05-06 15:55:46.193 DEBUG 16828 --- [http-nio-8443-exec-2] o.s.s.w.a.AnonymousAuthenticationFilter  : Populated SecurityContextHolder with anonymous token: 'org.springframework.security.authentication.AnonymousAuthenticationToken@288485c6: Principal: anonymousUser; Credentials: [PROTECTED]; Authenticated: true; Details: org.springframework.security.web.authentication.WebAuthenticationDetails@b364: RemoteIpAddress: 0:0:0:0:0:0:0:1; SessionId: null; Granted Authorities: ROLE_ANONYMOUS'
2020-05-06 15:55:46.194 DEBUG 16828 --- [http-nio-8443-exec-2] o.s.security.web.FilterChainProxy        : /auth/signin at position 9 of 11 in additional filter chain; firing Filter: 'SessionManagementFilter'
2020-05-06 15:55:46.194 DEBUG 16828 --- [http-nio-8443-exec-2] o.s.security.web.FilterChainProxy        : /auth/signin at position 10 of 11 in additional filter chain; firing Filter: 'ExceptionTranslationFilter'
2020-05-06 15:55:46.194 DEBUG 16828 --- [http-nio-8443-exec-2] o.s.security.web.FilterChainProxy        : /auth/signin at position 11 of 11 in additional filter chain; firing Filter: 'FilterSecurityInterceptor'
2020-05-06 15:55:46.195 DEBUG 16828 --- [http-nio-8443-exec-2] o.s.s.w.u.matcher.AntPathRequestMatcher  : Checking match of request : '/auth/signin'; against '/auth/signin'
2020-05-06 15:55:46.195 DEBUG 16828 --- [http-nio-8443-exec-2] o.s.s.w.a.i.FilterSecurityInterceptor    : Secure object: FilterInvocation: URL: /auth/signin; Attributes: [permitAll]
2020-05-06 15:55:46.195 DEBUG 16828 --- [http-nio-8443-exec-2] o.s.s.w.a.i.FilterSecurityInterceptor    : Previously Authenticated: org.springframework.security.authentication.AnonymousAuthenticationToken@288485c6: Principal: anonymousUser; Credentials: [PROTECTED]; Authenticated: true; Details: org.springframework.security.web.authentication.WebAuthenticationDetails@b364: RemoteIpAddress: 0:0:0:0:0:0:0:1; SessionId: null; Granted Authorities: ROLE_ANONYMOUS
2020-05-06 15:55:46.196 DEBUG 16828 --- [http-nio-8443-exec-2] o.s.s.access.vote.AffirmativeBased       : Voter: org.springframework.security.web.access.expression.WebExpressionVoter@15ab4a7b, returned: 1
2020-05-06 15:55:46.196 DEBUG 16828 --- [http-nio-8443-exec-2] o.s.s.w.a.i.FilterSecurityInterceptor    : Authorization successful
2020-05-06 15:55:46.196 DEBUG 16828 --- [http-nio-8443-exec-2] o.s.s.w.a.i.FilterSecurityInterceptor    : RunAsManager did not change Authentication object
2020-05-06 15:55:46.196 DEBUG 16828 --- [http-nio-8443-exec-2] o.s.security.web.FilterChainProxy        : /auth/signin reached end of additional filter chain; proceeding with original chain
2020-05-06 15:55:46.351 DEBUG 16828 --- [http-nio-8443-exec-2] o.s.s.authentication.ProviderManager     : Authentication attempt using org.springframework.security.authentication.dao.DaoAuthenticationProvider
2020-05-06 15:55:48.329 DEBUG 16828 --- [http-nio-8443-exec-2] o.s.s.w.header.writers.HstsHeaderWriter  : Not injecting HSTS header since it did not match the requestMatcher org.springframework.security.web.header.writers.HstsHeaderWriter$SecureRequestMatcher@36a9177d
2020-05-06 15:55:48.333 DEBUG 16828 --- [http-nio-8443-exec-2] o.s.s.w.a.ExceptionTranslationFilter     : Chain processed normally
2020-05-06 15:55:48.333 DEBUG 16828 --- [http-nio-8443-exec-2] s.s.w.c.SecurityContextPersistenceFilter : SecurityContextHolder now cleared, as request processing completed
2020-05-06 16:14:19.772 DEBUG 16828 --- [http-nio-8443-exec-4] o.s.security.web.FilterChainProxy        : /auth/signin at position 1 of 11 in additional filter chain; firing Filter: 'WebAsyncManagerIntegrationFilter'
2020-05-06 16:14:19.773 DEBUG 16828 --- [http-nio-8443-exec-4] o.s.security.web.FilterChainProxy        : /auth/signin at position 2 of 11 in additional filter chain; firing Filter: 'SecurityContextPersistenceFilter'
2020-05-06 16:14:19.773 DEBUG 16828 --- [http-nio-8443-exec-4] o.s.security.web.FilterChainProxy        : /auth/signin at position 3 of 11 in additional filter chain; firing Filter: 'HeaderWriterFilter'
2020-05-06 16:14:19.773 DEBUG 16828 --- [http-nio-8443-exec-4] o.s.security.web.FilterChainProxy        : /auth/signin at position 4 of 11 in additional filter chain; firing Filter: 'LogoutFilter'
2020-05-06 16:14:19.773 DEBUG 16828 --- [http-nio-8443-exec-4] o.s.s.web.util.matcher.OrRequestMatcher  : Trying to match using Ant [pattern='/logout', GET]
2020-05-06 16:14:19.773 DEBUG 16828 --- [http-nio-8443-exec-4] o.s.s.w.u.matcher.AntPathRequestMatcher  : Request 'POST /auth/signin' doesn't match 'GET /logout'
2020-05-06 16:14:19.773 DEBUG 16828 --- [http-nio-8443-exec-4] o.s.s.web.util.matcher.OrRequestMatcher  : Trying to match using Ant [pattern='/logout', POST]
2020-05-06 16:14:19.774 DEBUG 16828 --- [http-nio-8443-exec-4] o.s.s.w.u.matcher.AntPathRequestMatcher  : Checking match of request : '/auth/signin'; against '/logout'
2020-05-06 16:14:19.774 DEBUG 16828 --- [http-nio-8443-exec-4] o.s.s.web.util.matcher.OrRequestMatcher  : Trying to match using Ant [pattern='/logout', PUT]
2020-05-06 16:14:19.774 DEBUG 16828 --- [http-nio-8443-exec-4] o.s.s.w.u.matcher.AntPathRequestMatcher  : Request 'POST /auth/signin' doesn't match 'PUT /logout'
2020-05-06 16:14:19.774 DEBUG 16828 --- [http-nio-8443-exec-4] o.s.s.web.util.matcher.OrRequestMatcher  : Trying to match using Ant [pattern='/logout', DELETE]
2020-05-06 16:14:19.774 DEBUG 16828 --- [http-nio-8443-exec-4] o.s.s.w.u.matcher.AntPathRequestMatcher  : Request 'POST /auth/signin' doesn't match 'DELETE /logout'
2020-05-06 16:14:19.774 DEBUG 16828 --- [http-nio-8443-exec-4] o.s.s.web.util.matcher.OrRequestMatcher  : No matches found
2020-05-06 16:14:19.775 DEBUG 16828 --- [http-nio-8443-exec-4] o.s.security.web.FilterChainProxy        : /auth/signin at position 5 of 11 in additional filter chain; firing Filter: 'JwtTokenAuthenticationFilter'
2020-05-06 16:14:19.775 DEBUG 16828 --- [http-nio-8443-exec-4] o.s.security.web.FilterChainProxy        : /auth/signin at position 6 of 11 in additional filter chain; firing Filter: 'RequestCacheAwareFilter'
2020-05-06 16:14:19.775 DEBUG 16828 --- [http-nio-8443-exec-4] o.s.security.web.FilterChainProxy        : /auth/signin at position 7 of 11 in additional filter chain; firing Filter: 'SecurityContextHolderAwareRequestFilter'
2020-05-06 16:14:19.775 DEBUG 16828 --- [http-nio-8443-exec-4] o.s.security.web.FilterChainProxy        : /auth/signin at position 8 of 11 in additional filter chain; firing Filter: 'AnonymousAuthenticationFilter'
2020-05-06 16:14:19.775 DEBUG 16828 --- [http-nio-8443-exec-4] o.s.s.w.a.AnonymousAuthenticationFilter  : Populated SecurityContextHolder with anonymous token: 'org.springframework.security.authentication.AnonymousAuthenticationToken@288485c6: Principal: anonymousUser; Credentials: [PROTECTED]; Authenticated: true; Details: org.springframework.security.web.authentication.WebAuthenticationDetails@b364: RemoteIpAddress: 0:0:0:0:0:0:0:1; SessionId: null; Granted Authorities: ROLE_ANONYMOUS'
2020-05-06 16:14:19.775 DEBUG 16828 --- [http-nio-8443-exec-4] o.s.security.web.FilterChainProxy        : /auth/signin at position 9 of 11 in additional filter chain; firing Filter: 'SessionManagementFilter'
2020-05-06 16:14:19.775 DEBUG 16828 --- [http-nio-8443-exec-4] o.s.security.web.FilterChainProxy        : /auth/signin at position 10 of 11 in additional filter chain; firing Filter: 'ExceptionTranslationFilter'
2020-05-06 16:14:19.775 DEBUG 16828 --- [http-nio-8443-exec-4] o.s.security.web.FilterChainProxy        : /auth/signin at position 11 of 11 in additional filter chain; firing Filter: 'FilterSecurityInterceptor'
2020-05-06 16:14:19.775 DEBUG 16828 --- [http-nio-8443-exec-4] o.s.s.w.u.matcher.AntPathRequestMatcher  : Checking match of request : '/auth/signin'; against '/auth/signin'
2020-05-06 16:14:19.775 DEBUG 16828 --- [http-nio-8443-exec-4] o.s.s.w.a.i.FilterSecurityInterceptor    : Secure object: FilterInvocation: URL: /auth/signin; Attributes: [permitAll]
2020-05-06 16:14:19.775 DEBUG 16828 --- [http-nio-8443-exec-4] o.s.s.w.a.i.FilterSecurityInterceptor    : Previously Authenticated: org.springframework.security.authentication.AnonymousAuthenticationToken@288485c6: Principal: anonymousUser; Credentials: [PROTECTED]; Authenticated: true; Details: org.springframework.security.web.authentication.WebAuthenticationDetails@b364: RemoteIpAddress: 0:0:0:0:0:0:0:1; SessionId: null; Granted Authorities: ROLE_ANONYMOUS
2020-05-06 16:14:19.775 DEBUG 16828 --- [http-nio-8443-exec-4] o.s.s.access.vote.AffirmativeBased       : Voter: org.springframework.security.web.access.expression.WebExpressionVoter@15ab4a7b, returned: 1
2020-05-06 16:14:19.775 DEBUG 16828 --- [http-nio-8443-exec-4] o.s.s.w.a.i.FilterSecurityInterceptor    : Authorization successful
2020-05-06 16:14:19.775 DEBUG 16828 --- [http-nio-8443-exec-4] o.s.s.w.a.i.FilterSecurityInterceptor    : RunAsManager did not change Authentication object
2020-05-06 16:14:19.775 DEBUG 16828 --- [http-nio-8443-exec-4] o.s.security.web.FilterChainProxy        : /auth/signin reached end of additional filter chain; proceeding with original chain
2020-05-06 16:14:19.780 DEBUG 16828 --- [http-nio-8443-exec-4] o.s.s.authentication.ProviderManager     : Authentication attempt using org.springframework.security.authentication.dao.DaoAuthenticationProvider
2020-05-06 16:14:19.986 DEBUG 16828 --- [http-nio-8443-exec-4] o.s.s.a.dao.DaoAuthenticationProvider    : User 'user ' not found
2020-05-06 16:14:20.027 DEBUG 16828 --- [http-nio-8443-exec-4] o.s.s.w.a.ExceptionTranslationFilter     : Authentication exception occurred; redirecting to authentication entry point

org.springframework.security.authentication.BadCredentialsException: Invalid username/password supplied
	at com.example.demo.web.AuthenticationController.signin(AuthenticationController.java:45) ~[classes/:na]
	at sun.reflect.NativeMethodAccessorImpl.invoke0(Native Method) ~[na:1.8.0_221]
	at sun.reflect.NativeMethodAccessorImpl.invoke(NativeMethodAccessorImpl.java:62) ~[na:1.8.0_221]
	at sun.reflect.DelegatingMethodAccessorImpl.invoke(DelegatingMethodAccessorImpl.java:43) ~[na:1.8.0_221]
	at java.lang.reflect.Method.invoke(Method.java:498) ~[na:1.8.0_221]
	at org.springframework.web.method.support.InvocableHandlerMethod.doInvoke(InvocableHandlerMethod.java:190) ~[spring-web-5.1.8.RELEASE.jar:5.1.8.RELEASE]
	at org.springframework.web.method.support.InvocableHandlerMethod.invokeForRequest(InvocableHandlerMethod.java:138) ~[spring-web-5.1.8.RELEASE.jar:5.1.8.RELEASE]
	at org.springframework.web.servlet.mvc.method.annotation.ServletInvocableHandlerMethod.invokeAndHandle(ServletInvocableHandlerMethod.java:104) ~[spring-webmvc-5.1.8.RELEASE.jar:5.1.8.RELEASE]
	at org.springframework.web.servlet.mvc.method.annotation.RequestMappingHandlerAdapter.invokeHandlerMethod(RequestMappingHandlerAdapter.java:892) ~[spring-webmvc-5.1.8.RELEASE.jar:5.1.8.RELEASE]
	at org.springframework.web.servlet.mvc.method.annotation.RequestMappingHandlerAdapter.handleInternal(RequestMappingHandlerAdapter.java:797) ~[spring-webmvc-5.1.8.RELEASE.jar:5.1.8.RELEASE]
	at org.springframework.web.servlet.mvc.method.AbstractHandlerMethodAdapter.handle(AbstractHandlerMethodAdapter.java:87) ~[spring-webmvc-5.1.8.RELEASE.jar:5.1.8.RELEASE]
	at org.springframework.web.servlet.DispatcherServlet.doDispatch(DispatcherServlet.java:1039) ~[spring-webmvc-5.1.8.RELEASE.jar:5.1.8.RELEASE]
	at org.springframework.web.servlet.DispatcherServlet.doService(DispatcherServlet.java:942) ~[spring-webmvc-5.1.8.RELEASE.jar:5.1.8.RELEASE]
	at org.springframework.web.servlet.FrameworkServlet.processRequest(FrameworkServlet.java:1005) ~[spring-webmvc-5.1.8.RELEASE.jar:5.1.8.RELEASE]
	at org.springframework.web.servlet.FrameworkServlet.doPost(FrameworkServlet.java:908) ~[spring-webmvc-5.1.8.RELEASE.jar:5.1.8.RELEASE]
	at javax.servlet.http.HttpServlet.service(HttpServlet.java:660) ~[tomcat-embed-core-9.0.21.jar:9.0.21]
	at org.springframework.web.servlet.FrameworkServlet.service(FrameworkServlet.java:882) ~[spring-webmvc-5.1.8.RELEASE.jar:5.1.8.RELEASE]
	at javax.servlet.http.HttpServlet.service(HttpServlet.java:741) ~[tomcat-embed-core-9.0.21.jar:9.0.21]
	at org.apache.catalina.core.ApplicationFilterChain.internalDoFilter(ApplicationFilterChain.java:231) [tomcat-embed-core-9.0.21.jar:9.0.21]
	at org.apache.catalina.core.ApplicationFilterChain.doFilter(ApplicationFilterChain.java:166) [tomcat-embed-core-9.0.21.jar:9.0.21]
	at org.apache.tomcat.websocket.server.WsFilter.doFilter(WsFilter.java:53) ~[tomcat-embed-websocket-9.0.21.jar:9.0.21]
	at org.apache.catalina.core.ApplicationFilterChain.internalDoFilter(ApplicationFilterChain.java:193) [tomcat-embed-core-9.0.21.jar:9.0.21]
	at org.apache.catalina.core.ApplicationFilterChain.doFilter(ApplicationFilterChain.java:166) [tomcat-embed-core-9.0.21.jar:9.0.21]
	at org.springframework.security.web.FilterChainProxy$VirtualFilterChain.doFilter(FilterChainProxy.java:320) [spring-security-web-5.1.5.RELEASE.jar:5.1.5.RELEASE]
	at org.springframework.security.web.access.intercept.FilterSecurityInterceptor.invoke(FilterSecurityInterceptor.java:127) ~[spring-security-web-5.1.5.RELEASE.jar:5.1.5.RELEASE]
	at org.springframework.security.web.access.intercept.FilterSecurityInterceptor.doFilter(FilterSecurityInterceptor.java:91) ~[spring-security-web-5.1.5.RELEASE.jar:5.1.5.RELEASE]
	at org.springframework.security.web.FilterChainProxy$VirtualFilterChain.doFilter(FilterChainProxy.java:334) [spring-security-web-5.1.5.RELEASE.jar:5.1.5.RELEASE]
	at org.springframework.security.web.access.ExceptionTranslationFilter.doFilter(ExceptionTranslationFilter.java:119) ~[spring-security-web-5.1.5.RELEASE.jar:5.1.5.RELEASE]
	at org.springframework.security.web.FilterChainProxy$VirtualFilterChain.doFilter(FilterChainProxy.java:334) [spring-security-web-5.1.5.RELEASE.jar:5.1.5.RELEASE]
	at org.springframework.security.web.session.SessionManagementFilter.doFilter(SessionManagementFilter.java:137) [spring-security-web-5.1.5.RELEASE.jar:5.1.5.RELEASE]
	at org.springframework.security.web.FilterChainProxy$VirtualFilterChain.doFilter(FilterChainProxy.java:334) [spring-security-web-5.1.5.RELEASE.jar:5.1.5.RELEASE]
	at org.springframework.security.web.authentication.AnonymousAuthenticationFilter.doFilter(AnonymousAuthenticationFilter.java:111) [spring-security-web-5.1.5.RELEASE.jar:5.1.5.RELEASE]
	at org.springframework.security.web.FilterChainProxy$VirtualFilterChain.doFilter(FilterChainProxy.java:334) [spring-security-web-5.1.5.RELEASE.jar:5.1.5.RELEASE]
	at org.springframework.security.web.servletapi.SecurityContextHolderAwareRequestFilter.doFilter(SecurityContextHolderAwareRequestFilter.java:170) [spring-security-web-5.1.5.RELEASE.jar:5.1.5.RELEASE]
	at org.springframework.security.web.FilterChainProxy$VirtualFilterChain.doFilter(FilterChainProxy.java:334) [spring-security-web-5.1.5.RELEASE.jar:5.1.5.RELEASE]
	at org.springframework.security.web.savedrequest.RequestCacheAwareFilter.doFilter(RequestCacheAwareFilter.java:63) [spring-security-web-5.1.5.RELEASE.jar:5.1.5.RELEASE]
	at org.springframework.security.web.FilterChainProxy$VirtualFilterChain.doFilter(FilterChainProxy.java:334) [spring-security-web-5.1.5.RELEASE.jar:5.1.5.RELEASE]
	at com.example.demo.security.jwt.JwtTokenAuthenticationFilter.doFilter(JwtTokenAuthenticationFilter.java:34) [classes/:na]
	at org.springframework.security.web.FilterChainProxy$VirtualFilterChain.doFilter(FilterChainProxy.java:334) [spring-security-web-5.1.5.RELEASE.jar:5.1.5.RELEASE]
	at org.springframework.security.web.authentication.logout.LogoutFilter.doFilter(LogoutFilter.java:116) [spring-security-web-5.1.5.RELEASE.jar:5.1.5.RELEASE]
	at org.springframework.security.web.FilterChainProxy$VirtualFilterChain.doFilter(FilterChainProxy.java:334) [spring-security-web-5.1.5.RELEASE.jar:5.1.5.RELEASE]
	at org.springframework.security.web.header.HeaderWriterFilter.doFilterInternal(HeaderWriterFilter.java:74) [spring-security-web-5.1.5.RELEASE.jar:5.1.5.RELEASE]
	at org.springframework.web.filter.OncePerRequestFilter.doFilter(OncePerRequestFilter.java:109) [spring-web-5.1.8.RELEASE.jar:5.1.8.RELEASE]
	at org.springframework.security.web.FilterChainProxy$VirtualFilterChain.doFilter(FilterChainProxy.java:334) [spring-security-web-5.1.5.RELEASE.jar:5.1.5.RELEASE]
	at org.springframework.security.web.context.SecurityContextPersistenceFilter.doFilter(SecurityContextPersistenceFilter.java:105) [spring-security-web-5.1.5.RELEASE.jar:5.1.5.RELEASE]
	at org.springframework.security.web.FilterChainProxy$VirtualFilterChain.doFilter(FilterChainProxy.java:334) [spring-security-web-5.1.5.RELEASE.jar:5.1.5.RELEASE]
	at org.springframework.security.web.context.request.async.WebAsyncManagerIntegrationFilter.doFilterInternal(WebAsyncManagerIntegrationFilter.java:56) [spring-security-web-5.1.5.RELEASE.jar:5.1.5.RELEASE]
	at org.springframework.web.filter.OncePerRequestFilter.doFilter(OncePerRequestFilter.java:109) [spring-web-5.1.8.RELEASE.jar:5.1.8.RELEASE]
	at org.springframework.security.web.FilterChainProxy$VirtualFilterChain.doFilter(FilterChainProxy.java:334) [spring-security-web-5.1.5.RELEASE.jar:5.1.5.RELEASE]
	at org.springframework.security.web.FilterChainProxy.doFilterInternal(FilterChainProxy.java:215) [spring-security-web-5.1.5.RELEASE.jar:5.1.5.RELEASE]
	at org.springframework.security.web.FilterChainProxy.doFilter(FilterChainProxy.java:178) [spring-security-web-5.1.5.RELEASE.jar:5.1.5.RELEASE]
	at org.springframework.web.filter.DelegatingFilterProxy.invokeDelegate(DelegatingFilterProxy.java:357) [spring-web-5.1.8.RELEASE.jar:5.1.8.RELEASE]
	at org.springframework.web.filter.DelegatingFilterProxy.doFilter(DelegatingFilterProxy.java:270) [spring-web-5.1.8.RELEASE.jar:5.1.8.RELEASE]
	at org.apache.catalina.core.ApplicationFilterChain.internalDoFilter(ApplicationFilterChain.java:193) [tomcat-embed-core-9.0.21.jar:9.0.21]
	at org.apache.catalina.core.ApplicationFilterChain.doFilter(ApplicationFilterChain.java:166) [tomcat-embed-core-9.0.21.jar:9.0.21]
	at org.springframework.web.filter.RequestContextFilter.doFilterInternal(RequestContextFilter.java:99) [spring-web-5.1.8.RELEASE.jar:5.1.8.RELEASE]
	at org.springframework.web.filter.OncePerRequestFilter.doFilter(OncePerRequestFilter.java:109) [spring-web-5.1.8.RELEASE.jar:5.1.8.RELEASE]
	at org.apache.catalina.core.ApplicationFilterChain.internalDoFilter(ApplicationFilterChain.java:193) [tomcat-embed-core-9.0.21.jar:9.0.21]
	at org.apache.catalina.core.ApplicationFilterChain.doFilter(ApplicationFilterChain.java:166) [tomcat-embed-core-9.0.21.jar:9.0.21]
	at org.springframework.web.filter.FormContentFilter.doFilterInternal(FormContentFilter.java:92) [spring-web-5.1.8.RELEASE.jar:5.1.8.RELEASE]
	at org.springframework.web.filter.OncePerRequestFilter.doFilter(OncePerRequestFilter.java:109) [spring-web-5.1.8.RELEASE.jar:5.1.8.RELEASE]
	at org.apache.catalina.core.ApplicationFilterChain.internalDoFilter(ApplicationFilterChain.java:193) [tomcat-embed-core-9.0.21.jar:9.0.21]
	at org.apache.catalina.core.ApplicationFilterChain.doFilter(ApplicationFilterChain.java:166) [tomcat-embed-core-9.0.21.jar:9.0.21]
	at org.springframework.web.filter.HiddenHttpMethodFilter.doFilterInternal(HiddenHttpMethodFilter.java:93) [spring-web-5.1.8.RELEASE.jar:5.1.8.RELEASE]
	at org.springframework.web.filter.OncePerRequestFilter.doFilter(OncePerRequestFilter.java:109) [spring-web-5.1.8.RELEASE.jar:5.1.8.RELEASE]
	at org.apache.catalina.core.ApplicationFilterChain.internalDoFilter(ApplicationFilterChain.java:193) [tomcat-embed-core-9.0.21.jar:9.0.21]
	at org.apache.catalina.core.ApplicationFilterChain.doFilter(ApplicationFilterChain.java:166) [tomcat-embed-core-9.0.21.jar:9.0.21]
	at org.springframework.web.filter.CharacterEncodingFilter.doFilterInternal(CharacterEncodingFilter.java:200) [spring-web-5.1.8.RELEASE.jar:5.1.8.RELEASE]
	at org.springframework.web.filter.OncePerRequestFilter.doFilter(OncePerRequestFilter.java:109) [spring-web-5.1.8.RELEASE.jar:5.1.8.RELEASE]
	at org.apache.catalina.core.ApplicationFilterChain.internalDoFilter(ApplicationFilterChain.java:193) [tomcat-embed-core-9.0.21.jar:9.0.21]
	at org.apache.catalina.core.ApplicationFilterChain.doFilter(ApplicationFilterChain.java:166) [tomcat-embed-core-9.0.21.jar:9.0.21]
	at org.apache.catalina.core.StandardWrapperValve.invoke(StandardWrapperValve.java:202) [tomcat-embed-core-9.0.21.jar:9.0.21]
	at org.apache.catalina.core.StandardContextValve.invoke(StandardContextValve.java:96) [tomcat-embed-core-9.0.21.jar:9.0.21]
	at org.apache.catalina.authenticator.AuthenticatorBase.invoke(AuthenticatorBase.java:490) [tomcat-embed-core-9.0.21.jar:9.0.21]
	at org.apache.catalina.core.StandardHostValve.invoke(StandardHostValve.java:139) [tomcat-embed-core-9.0.21.jar:9.0.21]
	at org.apache.catalina.valves.ErrorReportValve.invoke(ErrorReportValve.java:92) [tomcat-embed-core-9.0.21.jar:9.0.21]
	at org.apache.catalina.core.StandardEngineValve.invoke(StandardEngineValve.java:74) [tomcat-embed-core-9.0.21.jar:9.0.21]
	at org.apache.catalina.connector.CoyoteAdapter.service(CoyoteAdapter.java:343) [tomcat-embed-core-9.0.21.jar:9.0.21]
	at org.apache.coyote.http11.Http11Processor.service(Http11Processor.java:408) [tomcat-embed-core-9.0.21.jar:9.0.21]
	at org.apache.coyote.AbstractProcessorLight.process(AbstractProcessorLight.java:66) [tomcat-embed-core-9.0.21.jar:9.0.21]
	at org.apache.coyote.AbstractProtocol$ConnectionHandler.process(AbstractProtocol.java:853) [tomcat-embed-core-9.0.21.jar:9.0.21]
	at org.apache.tomcat.util.net.NioEndpoint$SocketProcessor.doRun(NioEndpoint.java:1587) [tomcat-embed-core-9.0.21.jar:9.0.21]
	at org.apache.tomcat.util.net.SocketProcessorBase.run(SocketProcessorBase.java:49) [tomcat-embed-core-9.0.21.jar:9.0.21]
	at java.util.concurrent.ThreadPoolExecutor.runWorker(ThreadPoolExecutor.java:1149) [na:1.8.0_221]
	at java.util.concurrent.ThreadPoolExecutor$Worker.run(ThreadPoolExecutor.java:624) [na:1.8.0_221]
	at org.apache.tomcat.util.threads.TaskThread$WrappingRunnable.run(TaskThread.java:61) [tomcat-embed-core-9.0.21.jar:9.0.21]
	at java.lang.Thread.run(Thread.java:748) [na:1.8.0_221]

2020-05-06 16:14:20.031 DEBUG 16828 --- [http-nio-8443-exec-4] o.s.s.w.a.ExceptionTranslationFilter     : Calling Authentication entry point.
2020-05-06 16:14:20.031 DEBUG 16828 --- [http-nio-8443-exec-4] o.s.s.w.a.Http403ForbiddenEntryPoint     : Pre-authenticated entry point called. Rejecting access
2020-05-06 16:14:20.031 DEBUG 16828 --- [http-nio-8443-exec-4] o.s.s.w.header.writers.HstsHeaderWriter  : Not injecting HSTS header since it did not match the requestMatcher org.springframework.security.web.header.writers.HstsHeaderWriter$SecureRequestMatcher@36a9177d
2020-05-06 16:14:20.035 DEBUG 16828 --- [http-nio-8443-exec-4] s.s.w.c.SecurityContextPersistenceFilter : SecurityContextHolder now cleared, as request processing completed
2020-05-06 16:14:20.041 DEBUG 16828 --- [http-nio-8443-exec-4] o.s.security.web.FilterChainProxy        : /error at position 1 of 11 in additional filter chain; firing Filter: 'WebAsyncManagerIntegrationFilter'
2020-05-06 16:14:20.041 DEBUG 16828 --- [http-nio-8443-exec-4] o.s.security.web.FilterChainProxy        : /error at position 2 of 11 in additional filter chain; firing Filter: 'SecurityContextPersistenceFilter'
2020-05-06 16:14:20.041 DEBUG 16828 --- [http-nio-8443-exec-4] o.s.security.web.FilterChainProxy        : /error at position 3 of 11 in additional filter chain; firing Filter: 'HeaderWriterFilter'
2020-05-06 16:14:20.041 DEBUG 16828 --- [http-nio-8443-exec-4] o.s.security.web.FilterChainProxy        : /error at position 4 of 11 in additional filter chain; firing Filter: 'LogoutFilter'
2020-05-06 16:14:20.041 DEBUG 16828 --- [http-nio-8443-exec-4] o.s.s.web.util.matcher.OrRequestMatcher  : Trying to match using Ant [pattern='/logout', GET]
2020-05-06 16:14:20.041 DEBUG 16828 --- [http-nio-8443-exec-4] o.s.s.w.u.matcher.AntPathRequestMatcher  : Request 'POST /error' doesn't match 'GET /logout'
2020-05-06 16:14:20.041 DEBUG 16828 --- [http-nio-8443-exec-4] o.s.s.web.util.matcher.OrRequestMatcher  : Trying to match using Ant [pattern='/logout', POST]
2020-05-06 16:14:20.041 DEBUG 16828 --- [http-nio-8443-exec-4] o.s.s.w.u.matcher.AntPathRequestMatcher  : Checking match of request : '/error'; against '/logout'
2020-05-06 16:14:20.041 DEBUG 16828 --- [http-nio-8443-exec-4] o.s.s.web.util.matcher.OrRequestMatcher  : Trying to match using Ant [pattern='/logout', PUT]
2020-05-06 16:14:20.041 DEBUG 16828 --- [http-nio-8443-exec-4] o.s.s.w.u.matcher.AntPathRequestMatcher  : Request 'POST /error' doesn't match 'PUT /logout'
2020-05-06 16:14:20.041 DEBUG 16828 --- [http-nio-8443-exec-4] o.s.s.web.util.matcher.OrRequestMatcher  : Trying to match using Ant [pattern='/logout', DELETE]
2020-05-06 16:14:20.041 DEBUG 16828 --- [http-nio-8443-exec-4] o.s.s.w.u.matcher.AntPathRequestMatcher  : Request 'POST /error' doesn't match 'DELETE /logout'
2020-05-06 16:14:20.041 DEBUG 16828 --- [http-nio-8443-exec-4] o.s.s.web.util.matcher.OrRequestMatcher  : No matches found
2020-05-06 16:14:20.041 DEBUG 16828 --- [http-nio-8443-exec-4] o.s.security.web.FilterChainProxy        : /error at position 5 of 11 in additional filter chain; firing Filter: 'JwtTokenAuthenticationFilter'
2020-05-06 16:14:20.041 DEBUG 16828 --- [http-nio-8443-exec-4] o.s.security.web.FilterChainProxy        : /error at position 6 of 11 in additional filter chain; firing Filter: 'RequestCacheAwareFilter'
2020-05-06 16:14:20.041 DEBUG 16828 --- [http-nio-8443-exec-4] o.s.security.web.FilterChainProxy        : /error at position 7 of 11 in additional filter chain; firing Filter: 'SecurityContextHolderAwareRequestFilter'
2020-05-06 16:14:20.041 DEBUG 16828 --- [http-nio-8443-exec-4] o.s.security.web.FilterChainProxy        : /error at position 8 of 11 in additional filter chain; firing Filter: 'AnonymousAuthenticationFilter'
2020-05-06 16:14:20.041 DEBUG 16828 --- [http-nio-8443-exec-4] o.s.s.w.a.AnonymousAuthenticationFilter  : Populated SecurityContextHolder with anonymous token: 'org.springframework.security.authentication.AnonymousAuthenticationToken@288485c6: Principal: anonymousUser; Credentials: [PROTECTED]; Authenticated: true; Details: org.springframework.security.web.authentication.WebAuthenticationDetails@b364: RemoteIpAddress: 0:0:0:0:0:0:0:1; SessionId: null; Granted Authorities: ROLE_ANONYMOUS'
2020-05-06 16:14:20.045 DEBUG 16828 --- [http-nio-8443-exec-4] o.s.security.web.FilterChainProxy        : /error at position 9 of 11 in additional filter chain; firing Filter: 'SessionManagementFilter'
2020-05-06 16:14:20.045 DEBUG 16828 --- [http-nio-8443-exec-4] o.s.security.web.FilterChainProxy        : /error at position 10 of 11 in additional filter chain; firing Filter: 'ExceptionTranslationFilter'
2020-05-06 16:14:20.045 DEBUG 16828 --- [http-nio-8443-exec-4] o.s.security.web.FilterChainProxy        : /error at position 11 of 11 in additional filter chain; firing Filter: 'FilterSecurityInterceptor'
2020-05-06 16:14:20.045 DEBUG 16828 --- [http-nio-8443-exec-4] o.s.security.web.FilterChainProxy        : /error reached end of additional filter chain; proceeding with original chain
2020-05-06 16:14:20.073 DEBUG 16828 --- [http-nio-8443-exec-4] o.s.s.w.a.ExceptionTranslationFilter     : Chain processed normally
2020-05-06 16:14:20.073 DEBUG 16828 --- [http-nio-8443-exec-4] s.s.w.c.SecurityContextPersistenceFilter : SecurityContextHolder now cleared, as request processing completed
2020-05-06 16:14:29.232 DEBUG 16828 --- [http-nio-8443-exec-5] o.s.security.web.FilterChainProxy        : /auth/signin at position 1 of 11 in additional filter chain; firing Filter: 'WebAsyncManagerIntegrationFilter'
2020-05-06 16:14:29.233 DEBUG 16828 --- [http-nio-8443-exec-5] o.s.security.web.FilterChainProxy        : /auth/signin at position 2 of 11 in additional filter chain; firing Filter: 'SecurityContextPersistenceFilter'
2020-05-06 16:14:29.233 DEBUG 16828 --- [http-nio-8443-exec-5] o.s.security.web.FilterChainProxy        : /auth/signin at position 3 of 11 in additional filter chain; firing Filter: 'HeaderWriterFilter'
2020-05-06 16:14:29.233 DEBUG 16828 --- [http-nio-8443-exec-5] o.s.security.web.FilterChainProxy        : /auth/signin at position 4 of 11 in additional filter chain; firing Filter: 'LogoutFilter'
2020-05-06 16:14:29.233 DEBUG 16828 --- [http-nio-8443-exec-5] o.s.s.web.util.matcher.OrRequestMatcher  : Trying to match using Ant [pattern='/logout', GET]
2020-05-06 16:14:29.233 DEBUG 16828 --- [http-nio-8443-exec-5] o.s.s.w.u.matcher.AntPathRequestMatcher  : Request 'POST /auth/signin' doesn't match 'GET /logout'
2020-05-06 16:14:29.233 DEBUG 16828 --- [http-nio-8443-exec-5] o.s.s.web.util.matcher.OrRequestMatcher  : Trying to match using Ant [pattern='/logout', POST]
2020-05-06 16:14:29.233 DEBUG 16828 --- [http-nio-8443-exec-5] o.s.s.w.u.matcher.AntPathRequestMatcher  : Checking match of request : '/auth/signin'; against '/logout'
2020-05-06 16:14:29.233 DEBUG 16828 --- [http-nio-8443-exec-5] o.s.s.web.util.matcher.OrRequestMatcher  : Trying to match using Ant [pattern='/logout', PUT]
2020-05-06 16:14:29.234 DEBUG 16828 --- [http-nio-8443-exec-5] o.s.s.w.u.matcher.AntPathRequestMatcher  : Request 'POST /auth/signin' doesn't match 'PUT /logout'
2020-05-06 16:14:29.234 DEBUG 16828 --- [http-nio-8443-exec-5] o.s.s.web.util.matcher.OrRequestMatcher  : Trying to match using Ant [pattern='/logout', DELETE]
2020-05-06 16:14:29.234 DEBUG 16828 --- [http-nio-8443-exec-5] o.s.s.w.u.matcher.AntPathRequestMatcher  : Request 'POST /auth/signin' doesn't match 'DELETE /logout'
2020-05-06 16:14:29.234 DEBUG 16828 --- [http-nio-8443-exec-5] o.s.s.web.util.matcher.OrRequestMatcher  : No matches found
2020-05-06 16:14:29.234 DEBUG 16828 --- [http-nio-8443-exec-5] o.s.security.web.FilterChainProxy        : /auth/signin at position 5 of 11 in additional filter chain; firing Filter: 'JwtTokenAuthenticationFilter'
2020-05-06 16:14:29.235 DEBUG 16828 --- [http-nio-8443-exec-5] o.s.security.web.FilterChainProxy        : /auth/signin at position 6 of 11 in additional filter chain; firing Filter: 'RequestCacheAwareFilter'
2020-05-06 16:14:29.235 DEBUG 16828 --- [http-nio-8443-exec-5] o.s.security.web.FilterChainProxy        : /auth/signin at position 7 of 11 in additional filter chain; firing Filter: 'SecurityContextHolderAwareRequestFilter'
2020-05-06 16:14:29.235 DEBUG 16828 --- [http-nio-8443-exec-5] o.s.security.web.FilterChainProxy        : /auth/signin at position 8 of 11 in additional filter chain; firing Filter: 'AnonymousAuthenticationFilter'
2020-05-06 16:14:29.235 DEBUG 16828 --- [http-nio-8443-exec-5] o.s.s.w.a.AnonymousAuthenticationFilter  : Populated SecurityContextHolder with anonymous token: 'org.springframework.security.authentication.AnonymousAuthenticationToken@288485c6: Principal: anonymousUser; Credentials: [PROTECTED]; Authenticated: true; Details: org.springframework.security.web.authentication.WebAuthenticationDetails@b364: RemoteIpAddress: 0:0:0:0:0:0:0:1; SessionId: null; Granted Authorities: ROLE_ANONYMOUS'
2020-05-06 16:14:29.235 DEBUG 16828 --- [http-nio-8443-exec-5] o.s.security.web.FilterChainProxy        : /auth/signin at position 9 of 11 in additional filter chain; firing Filter: 'SessionManagementFilter'
2020-05-06 16:14:29.235 DEBUG 16828 --- [http-nio-8443-exec-5] o.s.security.web.FilterChainProxy        : /auth/signin at position 10 of 11 in additional filter chain; firing Filter: 'ExceptionTranslationFilter'
2020-05-06 16:14:29.235 DEBUG 16828 --- [http-nio-8443-exec-5] o.s.security.web.FilterChainProxy        : /auth/signin at position 11 of 11 in additional filter chain; firing Filter: 'FilterSecurityInterceptor'
2020-05-06 16:14:29.235 DEBUG 16828 --- [http-nio-8443-exec-5] o.s.s.w.u.matcher.AntPathRequestMatcher  : Checking match of request : '/auth/signin'; against '/auth/signin'
2020-05-06 16:14:29.235 DEBUG 16828 --- [http-nio-8443-exec-5] o.s.s.w.a.i.FilterSecurityInterceptor    : Secure object: FilterInvocation: URL: /auth/signin; Attributes: [permitAll]
2020-05-06 16:14:29.236 DEBUG 16828 --- [http-nio-8443-exec-5] o.s.s.w.a.i.FilterSecurityInterceptor    : Previously Authenticated: org.springframework.security.authentication.AnonymousAuthenticationToken@288485c6: Principal: anonymousUser; Credentials: [PROTECTED]; Authenticated: true; Details: org.springframework.security.web.authentication.WebAuthenticationDetails@b364: RemoteIpAddress: 0:0:0:0:0:0:0:1; SessionId: null; Granted Authorities: ROLE_ANONYMOUS
2020-05-06 16:14:29.236 DEBUG 16828 --- [http-nio-8443-exec-5] o.s.s.access.vote.AffirmativeBased       : Voter: org.springframework.security.web.access.expression.WebExpressionVoter@15ab4a7b, returned: 1
2020-05-06 16:14:29.236 DEBUG 16828 --- [http-nio-8443-exec-5] o.s.s.w.a.i.FilterSecurityInterceptor    : Authorization successful
2020-05-06 16:14:29.236 DEBUG 16828 --- [http-nio-8443-exec-5] o.s.s.w.a.i.FilterSecurityInterceptor    : RunAsManager did not change Authentication object
2020-05-06 16:14:29.236 DEBUG 16828 --- [http-nio-8443-exec-5] o.s.security.web.FilterChainProxy        : /auth/signin reached end of additional filter chain; proceeding with original chain
2020-05-06 16:14:29.241 DEBUG 16828 --- [http-nio-8443-exec-5] o.s.s.authentication.ProviderManager     : Authentication attempt using org.springframework.security.authentication.dao.DaoAuthenticationProvider
2020-05-06 16:14:29.463 DEBUG 16828 --- [http-nio-8443-exec-5] o.s.s.w.header.writers.HstsHeaderWriter  : Not injecting HSTS header since it did not match the requestMatcher org.springframework.security.web.header.writers.HstsHeaderWriter$SecureRequestMatcher@36a9177d
2020-05-06 16:14:29.466 DEBUG 16828 --- [http-nio-8443-exec-5] o.s.s.w.a.ExceptionTranslationFilter     : Chain processed normally
2020-05-06 16:14:29.466 DEBUG 16828 --- [http-nio-8443-exec-5] s.s.w.c.SecurityContextPersistenceFilter : SecurityContextHolder now cleared, as request processing completed
2020-05-06 16:35:52.440  WARN 16828 --- [HikariPool-1 housekeeper] com.zaxxer.hikari.pool.HikariPool        : HikariPool-1 - Thread starvation or clock leap detected (housekeeper delta=2m11s939ms931µs900ns).
